Mono path[0] = 'E:/Software/Steam/steamapps/common/Hollow Knight/hollow_knight_Data/Managed'
Mono config path = 'E:/Software/Steam/steamapps/common/Hollow Knight/MonoBleedingEdge/etc'
Initialize engine version: 2020.2.2f1 (068178b99f32)
[Subsystems] Discovering subsystems at path E:/Software/Steam/steamapps/common/Hollow Knight/hollow_knight_Data/UnitySubsystems
GfxDevice: creating device client; threaded=1
Direct3D:
    Version:  Direct3D 11.0 [level 11.1]
    Renderer: NVIDIA GeForce GTX 1050 Ti (ID=0x1c8c)
    Vendor:   
    VRAM:     4021 MB
    Driver:   27.21.14.6192
Begin MonoManager ReloadAssembly
- Completed reload, in  0.155 seconds
OnLevelWasLoaded was found on GameMap
This message has been deprecated and will be removed in a later version of Unity.
Add a delegate to SceneManager.sceneLoaded instead to get notifications after scene loading has completed

OnLevelWasLoaded was found on PlayMakerUnity2d
This message has been deprecated and will be removed in a later version of Unity.
Add a delegate to SceneManager.sceneLoaded instead to get notifications after scene loading has completed

D3D11 device created for Microsoft Media Foundation video decoding.
<RI> Initializing input.
<RI> Input initialized.
<RI> Initialized touch support.
The class named 'ConfigManager' is abstract. The script class can't be abstract!

UnloadTime: 0.836400 ms
Graphics tier changed to High

Steam initializing

Steam logged in as AndrejK

Selected online subsystem SteamOnlineSubsystem

Discovered supported languages: DE, EN, ES, FR, IT, JA, KO, PT, RU, ZH

Unloading 5 Unused Serialized files (Serialized files now loaded: 0)
Loaded saved language code 'RU'

Restored language code 'RU'


Unloading 362 unused Assets to reduce memory usage. Loaded Objects now: 3824.
Total: 1.504800 ms (FindLiveObjects: 0.162600 ms CreateObjectMapping: 0.136400 ms MarkObjects: 1.110500 ms  DeleteObjects: 0.094900 ms)

Steam stats received.

Unloading 5 Unused Serialized files (Serialized files now loaded: 0)
Joystick reconnected ("Controller (XBOX 360 For Windows)").

Didn't need to wait for PlayerPrefs load.

UnloadTime: 5.669200 ms
DontDestroyOnLoad only works for root GameObjects or components on root GameObjects.

Performing automatic level start.

Game controller set to None.

pd.maxHealth: 11 pd.maxHealthBase: 9


Unloading 30 unused Assets to reduce memory usage. Loaded Objects now: 46211.
Total: 148.070600 ms (FindLiveObjects: 2.644800 ms CreateObjectMapping: 1.411100 ms MarkObjects: 143.739000 ms  DeleteObjects: 0.273900 ms)

Game controller set to XInput Controller.

Controller Type: XboxOne

Active Gamepad Type: XBOX_ONE

Setting up 2 worker threads for Enlighten.
  Thread -> id: 2008 -> priority: 1 
  Thread -> id: 33ac -> priority: 1 
Shutting down Steam API.

